[debug] [2020-01-28T23:41:08.815Z] ----------------------------------------------------------------------
[debug] [2020-01-28T23:41:08.817Z] Command:       /home/ferreirati/.nvm/versions/node/v10.18.0/bin/node /home/ferreirati/.nvm/versions/node/v10.18.0/bin/firebase serve --only functions
[debug] [2020-01-28T23:41:08.818Z] CLI Version:   7.12.1
[debug] [2020-01-28T23:41:08.818Z] Platform:      linux
[debug] [2020-01-28T23:41:08.818Z] Node Version:  v10.18.0
[debug] [2020-01-28T23:41:08.818Z] Time:          Tue Jan 28 2020 21:41:08 GMT-0200 (Brasilia Summer Time)
[debug] [2020-01-28T23:41:08.818Z] ----------------------------------------------------------------------
[debug] [2020-01-28T23:41:08.818Z] 
[debug] [2020-01-28T23:41:08.826Z] > command requires scopes: ["email","openid","https://www.googleapis.com/auth/cloudplatformprojects.readonly","https://www.googleapis.com/auth/firebase","https://www.googleapis.com/auth/cloud-platform"]
[debug] [2020-01-28T23:41:08.826Z] > authorizing via signed-in user
[debug] [2020-01-28T23:41:08.826Z] [iam] checking project showcaseit for permissions ["firebase.projects.get"]
[debug] [2020-01-28T23:41:08.828Z] >>> HTTP REQUEST POST https://cloudresourcemanager.googleapis.com/v1/projects/showcaseit:testIamPermissions  

[debug] [2020-01-28T23:41:11.628Z] <<< HTTP RESPONSE 200
[debug] [2020-01-28T23:41:11.630Z] >>> HTTP REQUEST GET https://firebase.googleapis.com/v1beta1/projects/showcaseit  
 
[debug] [2020-01-28T23:41:12.670Z] <<< HTTP RESPONSE 200
[info] ✔  functions: Using node@10 from host.
[info] ✔  functions: Emulator started at http://localhost:5000
[info] i  functions: Watching "/home/ferreirati/projects/showcaseit/functions" for Cloud Functions...
[debug] [2020-01-28T23:41:13.009Z] [worker-pool] addWorker(~diagnostic~)
[debug] [2020-01-28T23:41:13.009Z] [worker-pool] Adding worker with key ~diagnostic~, total=1
[debug] [2020-01-28T23:41:13.009Z] [worker-pool] submitWork(triggerId=)
[debug] [2020-01-28T23:41:13.010Z] [worker-~diagnostic~-c3aa0626-aa8a-4c60-90d8-e08d5f419dc6]: Assigning socketPath: /tmp/fire_emu_8713.sock
[debug] [2020-01-28T23:41:13.010Z] [worker-~diagnostic~-c3aa0626-aa8a-4c60-90d8-e08d5f419dc6]: BUSY
[debug] [2020-01-28T23:41:13.304Z] [runtime-status] [8713] Functions runtime initialized. {"cwd":"/home/ferreirati/projects/showcaseit/functions","node_version":"10.18.0"}
[debug] [2020-01-28T23:41:13.306Z] [runtime-status] [8713] Disabled runtime features: {"functions_config_helper":true,"network_filtering":true,"timeout":true,"memory_limiting":true,"admin_stubs":true,"pubsub_emulator":true}
[debug] [2020-01-28T23:41:13.308Z] [runtime-status] [8713] Resolved module firebase-admin {"declared":true,"installed":true,"version":"8.9.2","resolution":"/home/ferreirati/projects/showcaseit/functions/node_modules/firebase-admin/lib/index.js"}
[debug] [2020-01-28T23:41:13.309Z] [runtime-status] [8713] Resolved module firebase-functions {"declared":true,"installed":true,"version":"3.3.0","resolution":"/home/ferreirati/projects/showcaseit/functions/node_modules/firebase-functions/lib/index.js"}
[debug] [2020-01-28T23:41:13.311Z] [runtime-status] [8713] Resolved module firebase-functions {"declared":true,"installed":true,"version":"3.3.0","resolution":"/home/ferreirati/projects/showcaseit/functions/node_modules/firebase-functions/lib/index.js"}
[warn] ⚠  /home/ferreirati/projects/showcaseit/functions/index.js:1
import functions from 'firebase-functions';
       ^^^^^^^^^

SyntaxError: Unexpected identifier
    at Module._compile (internal/modules/cjs/loader.js:723:23)
    at Object.Module._extensions..js (internal/modules/cjs/loader.js:789:10)
    at Module.load (internal/modules/cjs/loader.js:653:32)
    at tryModuleLoad (internal/modules/cjs/loader.js:593:12)
    at Function.Module._load (internal/modules/cjs/loader.js:585:3)
    at Module.require (internal/modules/cjs/loader.js:692:17)
    at require (internal/modules/cjs/helpers.js:25:18)
    at /home/ferreirati/.nvm/versions/node/v10.18.0/lib/node_modules/firebase-tools/lib/emulator/functionsEmulatorRuntime.js:718:33
    at Generator.next (<anonymous>)
    at fulfilled (/home/ferreirati/.nvm/versions/node/v10.18.0/lib/node_modules/firebase-tools/lib/emulator/functionsEmulatorRuntime.js:4:58)
[warn] ⚠  We were unable to load your functions code. (see above)
[debug] [2020-01-28T23:41:13.363Z] [worker-~diagnostic~-c3aa0626-aa8a-4c60-90d8-e08d5f419dc6]: exited
[debug] [2020-01-28T23:41:13.363Z] [worker-~diagnostic~-c3aa0626-aa8a-4c60-90d8-e08d5f419dc6]: FINISHED
[debug] [2020-01-28T23:41:37.715Z] ----------------------------------------------------------------------
[debug] [2020-01-28T23:41:37.717Z] Command:       /home/ferreirati/.nvm/versions/node/v10.18.0/bin/node /home/ferreirati/.nvm/versions/node/v10.18.0/bin/firebase serve --only functions
[debug] [2020-01-28T23:41:37.717Z] CLI Version:   7.12.1
[debug] [2020-01-28T23:41:37.717Z] Platform:      linux
[debug] [2020-01-28T23:41:37.718Z] Node Version:  v10.18.0
[debug] [2020-01-28T23:41:37.718Z] Time:          Tue Jan 28 2020 21:41:37 GMT-0200 (Brasilia Summer Time)
[debug] [2020-01-28T23:41:37.718Z] ----------------------------------------------------------------------
[debug] [2020-01-28T23:41:37.718Z] 
[debug] [2020-01-28T23:41:37.725Z] > command requires scopes: ["email","openid","https://www.googleapis.com/auth/cloudplatformprojects.readonly","https://www.googleapis.com/auth/firebase","https://www.googleapis.com/auth/cloud-platform"]
[debug] [2020-01-28T23:41:37.725Z] > authorizing via signed-in user
[debug] [2020-01-28T23:41:37.725Z] [iam] checking project showcaseit for permissions ["firebase.projects.get"]
[debug] [2020-01-28T23:41:37.727Z] >>> HTTP REQUEST POST https://cloudresourcemanager.googleapis.com/v1/projects/showcaseit:testIamPermissions  

[debug] [2020-01-28T23:41:49.521Z] [iam] error while checking permissions, command may fail: FirebaseError: Server Error. Client network socket disconnected before secure TLS connection was established
[debug] [2020-01-28T23:41:49.523Z] >>> HTTP REQUEST GET https://firebase.googleapis.com/v1beta1/projects/showcaseit  
 
[debug] [2020-01-28T23:41:51.166Z] <<< HTTP RESPONSE 200
[info] ✔  functions: Using node@10 from host.
[info] ✔  functions: Emulator started at http://localhost:5000
[info] i  functions: Watching "/home/ferreirati/projects/showcaseit/functions" for Cloud Functions...
[debug] [2020-01-28T23:41:51.491Z] [worker-pool] addWorker(~diagnostic~)
[debug] [2020-01-28T23:41:51.492Z] [worker-pool] Adding worker with key ~diagnostic~, total=1
[debug] [2020-01-28T23:41:51.492Z] [worker-pool] submitWork(triggerId=)
[debug] [2020-01-28T23:41:51.493Z] [worker-~diagnostic~-37c12ccd-1cba-496c-9642-29c6f49e25e7]: Assigning socketPath: /tmp/fire_emu_8801.sock
[debug] [2020-01-28T23:41:51.494Z] [worker-~diagnostic~-37c12ccd-1cba-496c-9642-29c6f49e25e7]: BUSY
[debug] [2020-01-28T23:41:51.764Z] [runtime-status] [8801] Functions runtime initialized. {"cwd":"/home/ferreirati/projects/showcaseit/functions","node_version":"10.18.0"}
[debug] [2020-01-28T23:41:51.766Z] [runtime-status] [8801] Disabled runtime features: {"functions_config_helper":true,"network_filtering":true,"timeout":true,"memory_limiting":true,"admin_stubs":true,"pubsub_emulator":true}
[debug] [2020-01-28T23:41:51.769Z] [runtime-status] [8801] Resolved module firebase-admin {"declared":true,"installed":true,"version":"8.9.2","resolution":"/home/ferreirati/projects/showcaseit/functions/node_modules/firebase-admin/lib/index.js"}
[debug] [2020-01-28T23:41:51.769Z] [runtime-status] [8801] Resolved module firebase-functions {"declared":true,"installed":true,"version":"3.3.0","resolution":"/home/ferreirati/projects/showcaseit/functions/node_modules/firebase-functions/lib/index.js"}
[debug] [2020-01-28T23:41:51.770Z] [runtime-status] [8801] Resolved module firebase-functions {"declared":true,"installed":true,"version":"3.3.0","resolution":"/home/ferreirati/projects/showcaseit/functions/node_modules/firebase-functions/lib/index.js"}
[warn] ⚠  /home/ferreirati/projects/showcaseit/functions/index.js:1
import { functions } from 'firebase-functions';
       ^

SyntaxError: Unexpected token {
    at Module._compile (internal/modules/cjs/loader.js:723:23)
    at Object.Module._extensions..js (internal/modules/cjs/loader.js:789:10)
    at Module.load (internal/modules/cjs/loader.js:653:32)
    at tryModuleLoad (internal/modules/cjs/loader.js:593:12)
    at Function.Module._load (internal/modules/cjs/loader.js:585:3)
    at Module.require (internal/modules/cjs/loader.js:692:17)
    at require (internal/modules/cjs/helpers.js:25:18)
    at /home/ferreirati/.nvm/versions/node/v10.18.0/lib/node_modules/firebase-tools/lib/emulator/functionsEmulatorRuntime.js:718:33
    at Generator.next (<anonymous>)
    at fulfilled (/home/ferreirati/.nvm/versions/node/v10.18.0/lib/node_modules/firebase-tools/lib/emulator/functionsEmulatorRuntime.js:4:58)
[warn] ⚠  We were unable to load your functions code. (see above)
[debug] [2020-01-28T23:41:51.821Z] [worker-~diagnostic~-37c12ccd-1cba-496c-9642-29c6f49e25e7]: exited
[debug] [2020-01-28T23:41:51.822Z] [worker-~diagnostic~-37c12ccd-1cba-496c-9642-29c6f49e25e7]: FINISHED
[debug] [2020-01-28T23:44:04.592Z] File /home/ferreirati/projects/showcaseit/functions/index.js changed, reloading triggers
[debug] [2020-01-28T23:44:05.593Z] [worker-pool] Cleaned up workers for ~diagnostic~: 1 --> 0
[debug] [2020-01-28T23:44:05.598Z] [worker-pool] addWorker(~diagnostic~)
[debug] [2020-01-28T23:44:05.599Z] [worker-pool] Adding worker with key ~diagnostic~, total=1
[debug] [2020-01-28T23:44:05.599Z] [worker-pool] submitWork(triggerId=)
[debug] [2020-01-28T23:44:05.599Z] [worker-~diagnostic~-4a98568f-982d-4c0a-87f4-47d79ca12c11]: Assigning socketPath: /tmp/fire_emu_9058.sock
[debug] [2020-01-28T23:44:05.599Z] [worker-~diagnostic~-4a98568f-982d-4c0a-87f4-47d79ca12c11]: BUSY
[debug] [2020-01-28T23:44:05.898Z] [runtime-status] [9058] Functions runtime initialized. {"cwd":"/home/ferreirati/projects/showcaseit/functions","node_version":"10.18.0"}
[debug] [2020-01-28T23:44:05.901Z] [runtime-status] [9058] Disabled runtime features: {"functions_config_helper":true,"network_filtering":true,"timeout":true,"memory_limiting":true,"admin_stubs":true,"pubsub_emulator":true}
[debug] [2020-01-28T23:44:05.904Z] [runtime-status] [9058] Resolved module firebase-admin {"declared":true,"installed":true,"version":"8.9.2","resolution":"/home/ferreirati/projects/showcaseit/functions/node_modules/firebase-admin/lib/index.js"}
[debug] [2020-01-28T23:44:05.906Z] [runtime-status] [9058] Resolved module firebase-functions {"declared":true,"installed":true,"version":"3.3.0","resolution":"/home/ferreirati/projects/showcaseit/functions/node_modules/firebase-functions/lib/index.js"}
[debug] [2020-01-28T23:44:05.907Z] [runtime-status] [9058] Resolved module firebase-functions {"declared":true,"installed":true,"version":"3.3.0","resolution":"/home/ferreirati/projects/showcaseit/functions/node_modules/firebase-functions/lib/index.js"}
[warn] ⚠  /home/ferreirati/projects/showcaseit/functions/index.js:1
import * as functions from 'firebase-functions';
       ^

SyntaxError: Unexpected token *
    at Module._compile (internal/modules/cjs/loader.js:723:23)
    at Object.Module._extensions..js (internal/modules/cjs/loader.js:789:10)
    at Module.load (internal/modules/cjs/loader.js:653:32)
    at tryModuleLoad (internal/modules/cjs/loader.js:593:12)
    at Function.Module._load (internal/modules/cjs/loader.js:585:3)
    at Module.require (internal/modules/cjs/loader.js:692:17)
    at require (internal/modules/cjs/helpers.js:25:18)
    at /home/ferreirati/.nvm/versions/node/v10.18.0/lib/node_modules/firebase-tools/lib/emulator/functionsEmulatorRuntime.js:718:33
    at Generator.next (<anonymous>)
    at fulfilled (/home/ferreirati/.nvm/versions/node/v10.18.0/lib/node_modules/firebase-tools/lib/emulator/functionsEmulatorRuntime.js:4:58)
[warn] ⚠  We were unable to load your functions code. (see above)
[debug] [2020-01-28T23:44:05.962Z] [worker-~diagnostic~-4a98568f-982d-4c0a-87f4-47d79ca12c11]: exited
[debug] [2020-01-28T23:44:05.962Z] [worker-~diagnostic~-4a98568f-982d-4c0a-87f4-47d79ca12c11]: FINISHED
[debug] [2020-01-28T23:44:11.628Z] ----------------------------------------------------------------------
[debug] [2020-01-28T23:44:11.630Z] Command:       /home/ferreirati/.nvm/versions/node/v10.18.0/bin/node /home/ferreirati/.nvm/versions/node/v10.18.0/bin/firebase serve --only functions
[debug] [2020-01-28T23:44:11.631Z] CLI Version:   7.12.1
[debug] [2020-01-28T23:44:11.631Z] Platform:      linux
[debug] [2020-01-28T23:44:11.631Z] Node Version:  v10.18.0
[debug] [2020-01-28T23:44:11.631Z] Time:          Tue Jan 28 2020 21:44:11 GMT-0200 (Brasilia Summer Time)
[debug] [2020-01-28T23:44:11.631Z] ----------------------------------------------------------------------
[debug] [2020-01-28T23:44:11.631Z] 
[debug] [2020-01-28T23:44:11.638Z] > command requires scopes: ["email","openid","https://www.googleapis.com/auth/cloudplatformprojects.readonly","https://www.googleapis.com/auth/firebase","https://www.googleapis.com/auth/cloud-platform"]
[debug] [2020-01-28T23:44:11.638Z] > authorizing via signed-in user
[debug] [2020-01-28T23:44:11.638Z] [iam] checking project showcaseit for permissions ["firebase.projects.get"]
[debug] [2020-01-28T23:44:11.640Z] >>> HTTP REQUEST POST https://cloudresourcemanager.googleapis.com/v1/projects/showcaseit:testIamPermissions  

[debug] [2020-01-28T23:44:13.956Z] <<< HTTP RESPONSE 200
[debug] [2020-01-28T23:44:13.960Z] >>> HTTP REQUEST GET https://firebase.googleapis.com/v1beta1/projects/showcaseit  
 
[debug] [2020-01-28T23:44:16.382Z] <<< HTTP RESPONSE 200
[info] ✔  functions: Using node@10 from host.
[info] ✔  functions: Emulator started at http://localhost:5000
[info] i  functions: Watching "/home/ferreirati/projects/showcaseit/functions" for Cloud Functions...
[debug] [2020-01-28T23:44:16.694Z] [worker-pool] addWorker(~diagnostic~)
[debug] [2020-01-28T23:44:16.695Z] [worker-pool] Adding worker with key ~diagnostic~, total=1
[debug] [2020-01-28T23:44:16.696Z] [worker-pool] submitWork(triggerId=)
[debug] [2020-01-28T23:44:16.697Z] [worker-~diagnostic~-1c614092-9d28-4b84-b012-61050355208b]: Assigning socketPath: /tmp/fire_emu_9175.sock
[debug] [2020-01-28T23:44:16.698Z] [worker-~diagnostic~-1c614092-9d28-4b84-b012-61050355208b]: BUSY
[debug] [2020-01-28T23:44:16.977Z] [runtime-status] [9175] Functions runtime initialized. {"cwd":"/home/ferreirati/projects/showcaseit/functions","node_version":"10.18.0"}
[debug] [2020-01-28T23:44:16.979Z] [runtime-status] [9175] Disabled runtime features: {"functions_config_helper":true,"network_filtering":true,"timeout":true,"memory_limiting":true,"admin_stubs":true,"pubsub_emulator":true}
[debug] [2020-01-28T23:44:16.981Z] [runtime-status] [9175] Resolved module firebase-admin {"declared":true,"installed":true,"version":"8.9.2","resolution":"/home/ferreirati/projects/showcaseit/functions/node_modules/firebase-admin/lib/index.js"}
[debug] [2020-01-28T23:44:16.983Z] [runtime-status] [9175] Resolved module firebase-functions {"declared":true,"installed":true,"version":"3.3.0","resolution":"/home/ferreirati/projects/showcaseit/functions/node_modules/firebase-functions/lib/index.js"}
[debug] [2020-01-28T23:44:16.984Z] [runtime-status] [9175] Resolved module firebase-functions {"declared":true,"installed":true,"version":"3.3.0","resolution":"/home/ferreirati/projects/showcaseit/functions/node_modules/firebase-functions/lib/index.js"}
[warn] ⚠  /home/ferreirati/projects/showcaseit/functions/index.js:1
import * as functions from 'firebase-functions';
       ^

SyntaxError: Unexpected token *
    at Module._compile (internal/modules/cjs/loader.js:723:23)
    at Object.Module._extensions..js (internal/modules/cjs/loader.js:789:10)
    at Module.load (internal/modules/cjs/loader.js:653:32)
    at tryModuleLoad (internal/modules/cjs/loader.js:593:12)
    at Function.Module._load (internal/modules/cjs/loader.js:585:3)
    at Module.require (internal/modules/cjs/loader.js:692:17)
    at require (internal/modules/cjs/helpers.js:25:18)
    at /home/ferreirati/.nvm/versions/node/v10.18.0/lib/node_modules/firebase-tools/lib/emulator/functionsEmulatorRuntime.js:718:33
    at Generator.next (<anonymous>)
    at fulfilled (/home/ferreirati/.nvm/versions/node/v10.18.0/lib/node_modules/firebase-tools/lib/emulator/functionsEmulatorRuntime.js:4:58)
[warn] ⚠  We were unable to load your functions code. (see above)
[debug] [2020-01-28T23:44:17.038Z] [worker-~diagnostic~-1c614092-9d28-4b84-b012-61050355208b]: exited
[debug] [2020-01-28T23:44:17.038Z] [worker-~diagnostic~-1c614092-9d28-4b84-b012-61050355208b]: FINISHED
[debug] [2020-01-28T23:45:33.508Z] ----------------------------------------------------------------------
[debug] [2020-01-28T23:45:33.510Z] Command:       /home/ferreirati/.nvm/versions/node/v10.18.0/bin/node /home/ferreirati/.nvm/versions/node/v10.18.0/bin/firebase serve --only functions
[debug] [2020-01-28T23:45:33.510Z] CLI Version:   7.12.1
[debug] [2020-01-28T23:45:33.510Z] Platform:      linux
[debug] [2020-01-28T23:45:33.510Z] Node Version:  v10.18.0
[debug] [2020-01-28T23:45:33.510Z] Time:          Tue Jan 28 2020 21:45:33 GMT-0200 (Brasilia Summer Time)
[debug] [2020-01-28T23:45:33.510Z] ----------------------------------------------------------------------
[debug] [2020-01-28T23:45:33.510Z] 
[debug] [2020-01-28T23:45:33.518Z] > command requires scopes: ["email","openid","https://www.googleapis.com/auth/cloudplatformprojects.readonly","https://www.googleapis.com/auth/firebase","https://www.googleapis.com/auth/cloud-platform"]
[debug] [2020-01-28T23:45:33.518Z] > authorizing via signed-in user
[debug] [2020-01-28T23:45:33.518Z] [iam] checking project showcaseit for permissions ["firebase.projects.get"]
[debug] [2020-01-28T23:45:33.520Z] >>> HTTP REQUEST POST https://cloudresourcemanager.googleapis.com/v1/projects/showcaseit:testIamPermissions  

[debug] [2020-01-28T23:45:34.546Z] <<< HTTP RESPONSE 200
[debug] [2020-01-28T23:45:34.548Z] >>> HTTP REQUEST GET https://firebase.googleapis.com/v1beta1/projects/showcaseit  
 
[debug] [2020-01-28T23:45:36.374Z] <<< HTTP RESPONSE 200
[info] ✔  functions: Using node@10 from host.
[info] ✔  functions: Emulator started at http://localhost:5000
[info] i  functions: Watching "/home/ferreirati/projects/showcaseit/functions" for Cloud Functions...
[debug] [2020-01-28T23:45:36.720Z] [worker-pool] addWorker(~diagnostic~)
[debug] [2020-01-28T23:45:36.721Z] [worker-pool] Adding worker with key ~diagnostic~, total=1
[debug] [2020-01-28T23:45:36.721Z] [worker-pool] submitWork(triggerId=)
[debug] [2020-01-28T23:45:36.723Z] [worker-~diagnostic~-a42048a3-396a-450a-9c70-4980bd46dfb4]: Assigning socketPath: /tmp/fire_emu_9337.sock
[debug] [2020-01-28T23:45:36.724Z] [worker-~diagnostic~-a42048a3-396a-450a-9c70-4980bd46dfb4]: BUSY
[debug] [2020-01-28T23:45:37.005Z] [runtime-status] [9337] Functions runtime initialized. {"cwd":"/home/ferreirati/projects/showcaseit/functions","node_version":"10.18.0"}
[debug] [2020-01-28T23:45:37.008Z] [runtime-status] [9337] Disabled runtime features: {"functions_config_helper":true,"network_filtering":true,"timeout":true,"memory_limiting":true,"admin_stubs":true,"pubsub_emulator":true}
[debug] [2020-01-28T23:45:37.011Z] [runtime-status] [9337] Resolved module firebase-admin {"declared":true,"installed":true,"version":"8.9.2","resolution":"/home/ferreirati/projects/showcaseit/functions/node_modules/firebase-admin/lib/index.js"}
[debug] [2020-01-28T23:45:37.013Z] [runtime-status] [9337] Resolved module firebase-functions {"declared":true,"installed":true,"version":"3.3.0","resolution":"/home/ferreirati/projects/showcaseit/functions/node_modules/firebase-functions/lib/index.js"}
[debug] [2020-01-28T23:45:37.013Z] [runtime-status] [9337] Resolved module firebase-functions {"declared":true,"installed":true,"version":"3.3.0","resolution":"/home/ferreirati/projects/showcaseit/functions/node_modules/firebase-functions/lib/index.js"}
[warn] ⚠  /home/ferreirati/projects/showcaseit/functions/index.js:2
import api from 'api';
       ^^^

SyntaxError: Unexpected identifier
    at Module._compile (internal/modules/cjs/loader.js:723:23)
    at Object.Module._extensions..js (internal/modules/cjs/loader.js:789:10)
    at Module.load (internal/modules/cjs/loader.js:653:32)
    at tryModuleLoad (internal/modules/cjs/loader.js:593:12)
    at Function.Module._load (internal/modules/cjs/loader.js:585:3)
    at Module.require (internal/modules/cjs/loader.js:692:17)
    at require (internal/modules/cjs/helpers.js:25:18)
    at /home/ferreirati/.nvm/versions/node/v10.18.0/lib/node_modules/firebase-tools/lib/emulator/functionsEmulatorRuntime.js:718:33
    at Generator.next (<anonymous>)
    at fulfilled (/home/ferreirati/.nvm/versions/node/v10.18.0/lib/node_modules/firebase-tools/lib/emulator/functionsEmulatorRuntime.js:4:58)
[warn] ⚠  We were unable to load your functions code. (see above)
[debug] [2020-01-28T23:45:37.074Z] [worker-~diagnostic~-a42048a3-396a-450a-9c70-4980bd46dfb4]: exited
[debug] [2020-01-28T23:45:37.074Z] [worker-~diagnostic~-a42048a3-396a-450a-9c70-4980bd46dfb4]: FINISHED
[debug] [2020-01-28T23:45:53.654Z] File /home/ferreirati/projects/showcaseit/functions/index.js changed, reloading triggers
[debug] [2020-01-28T23:45:54.656Z] [worker-pool] Cleaned up workers for ~diagnostic~: 1 --> 0
[debug] [2020-01-28T23:45:54.668Z] [worker-pool] addWorker(~diagnostic~)
[debug] [2020-01-28T23:45:54.668Z] [worker-pool] Adding worker with key ~diagnostic~, total=1
[debug] [2020-01-28T23:45:54.668Z] [worker-pool] submitWork(triggerId=)
[debug] [2020-01-28T23:45:54.669Z] [worker-~diagnostic~-18e82687-129b-404a-b826-ab85c53e1e3c]: Assigning socketPath: /tmp/fire_emu_9368.sock
[debug] [2020-01-28T23:45:54.669Z] [worker-~diagnostic~-18e82687-129b-404a-b826-ab85c53e1e3c]: BUSY
[debug] [2020-01-28T23:45:54.992Z] [runtime-status] [9368] Functions runtime initialized. {"cwd":"/home/ferreirati/projects/showcaseit/functions","node_version":"10.18.0"}
[debug] [2020-01-28T23:45:54.995Z] [runtime-status] [9368] Disabled runtime features: {"functions_config_helper":true,"network_filtering":true,"timeout":true,"memory_limiting":true,"admin_stubs":true,"pubsub_emulator":true}
[debug] [2020-01-28T23:45:54.998Z] [runtime-status] [9368] Resolved module firebase-admin {"declared":true,"installed":true,"version":"8.9.2","resolution":"/home/ferreirati/projects/showcaseit/functions/node_modules/firebase-admin/lib/index.js"}
[debug] [2020-01-28T23:45:55.001Z] [runtime-status] [9368] Resolved module firebase-functions {"declared":true,"installed":true,"version":"3.3.0","resolution":"/home/ferreirati/projects/showcaseit/functions/node_modules/firebase-functions/lib/index.js"}
[debug] [2020-01-28T23:45:55.001Z] [runtime-status] [9368] Resolved module firebase-functions {"declared":true,"installed":true,"version":"3.3.0","resolution":"/home/ferreirati/projects/showcaseit/functions/node_modules/firebase-functions/lib/index.js"}
[warn] ⚠  Error: Cannot find module 'api'
    at Function.Module._resolveFilename (internal/modules/cjs/loader.js:636:15)
    at Function.Module._load (internal/modules/cjs/loader.js:562:25)
    at Module.require (internal/modules/cjs/loader.js:692:17)
    at require (internal/modules/cjs/helpers.js:25:18)
    at Object.<anonymous> (/home/ferreirati/projects/showcaseit/functions/index.js:2:13)
    at Module._compile (internal/modules/cjs/loader.js:778:30)
    at Object.Module._extensions..js (internal/modules/cjs/loader.js:789:10)
    at Module.load (internal/modules/cjs/loader.js:653:32)
    at tryModuleLoad (internal/modules/cjs/loader.js:593:12)
    at Function.Module._load (internal/modules/cjs/loader.js:585:3)
[warn] ⚠  We were unable to load your functions code. (see above)
[debug] [2020-01-28T23:45:55.083Z] [worker-~diagnostic~-18e82687-129b-404a-b826-ab85c53e1e3c]: exited
[debug] [2020-01-28T23:45:55.083Z] [worker-~diagnostic~-18e82687-129b-404a-b826-ab85c53e1e3c]: FINISHED
[debug] [2020-01-28T23:46:22.837Z] File /home/ferreirati/projects/showcaseit/functions/api.js changed, reloading triggers
[debug] [2020-01-28T23:46:23.840Z] [worker-pool] Cleaned up workers for ~diagnostic~: 1 --> 0
[debug] [2020-01-28T23:46:23.851Z] [worker-pool] addWorker(~diagnostic~)
[debug] [2020-01-28T23:46:23.852Z] [worker-pool] Adding worker with key ~diagnostic~, total=1
[debug] [2020-01-28T23:46:23.852Z] [worker-pool] submitWork(triggerId=)
[debug] [2020-01-28T23:46:23.852Z] [worker-~diagnostic~-9baf5e4d-0282-409c-9915-4bfa0b7b2d96]: Assigning socketPath: /tmp/fire_emu_9404.sock
[debug] [2020-01-28T23:46:23.852Z] [worker-~diagnostic~-9baf5e4d-0282-409c-9915-4bfa0b7b2d96]: BUSY
[debug] [2020-01-28T23:46:24.150Z] [runtime-status] [9404] Functions runtime initialized. {"cwd":"/home/ferreirati/projects/showcaseit/functions","node_version":"10.18.0"}
[debug] [2020-01-28T23:46:24.153Z] [runtime-status] [9404] Disabled runtime features: {"functions_config_helper":true,"network_filtering":true,"timeout":true,"memory_limiting":true,"admin_stubs":true,"pubsub_emulator":true}
[debug] [2020-01-28T23:46:24.156Z] [runtime-status] [9404] Resolved module firebase-admin {"declared":true,"installed":true,"version":"8.9.2","resolution":"/home/ferreirati/projects/showcaseit/functions/node_modules/firebase-admin/lib/index.js"}
[debug] [2020-01-28T23:46:24.158Z] [runtime-status] [9404] Resolved module firebase-functions {"declared":true,"installed":true,"version":"3.3.0","resolution":"/home/ferreirati/projects/showcaseit/functions/node_modules/firebase-functions/lib/index.js"}
[debug] [2020-01-28T23:46:24.159Z] [runtime-status] [9404] Resolved module firebase-functions {"declared":true,"installed":true,"version":"3.3.0","resolution":"/home/ferreirati/projects/showcaseit/functions/node_modules/firebase-functions/lib/index.js"}
[warn] ⚠  Error: Cannot find module 'api'
    at Function.Module._resolveFilename (internal/modules/cjs/loader.js:636:15)
    at Function.Module._load (internal/modules/cjs/loader.js:562:25)
    at Module.require (internal/modules/cjs/loader.js:692:17)
    at require (internal/modules/cjs/helpers.js:25:18)
    at Object.<anonymous> (/home/ferreirati/projects/showcaseit/functions/index.js:2:13)
    at Module._compile (internal/modules/cjs/loader.js:778:30)
    at Object.Module._extensions..js (internal/modules/cjs/loader.js:789:10)
    at Module.load (internal/modules/cjs/loader.js:653:32)
    at tryModuleLoad (internal/modules/cjs/loader.js:593:12)
    at Function.Module._load (internal/modules/cjs/loader.js:585:3)
[warn] ⚠  We were unable to load your functions code. (see above)
[debug] [2020-01-28T23:46:24.216Z] [worker-~diagnostic~-9baf5e4d-0282-409c-9915-4bfa0b7b2d96]: exited
[debug] [2020-01-28T23:46:24.216Z] [worker-~diagnostic~-9baf5e4d-0282-409c-9915-4bfa0b7b2d96]: FINISHED
[debug] [2020-01-28T23:46:58.746Z] File /home/ferreirati/projects/showcaseit/functions/api.js changed, reloading triggers
[debug] [2020-01-28T23:46:59.747Z] [worker-pool] Cleaned up workers for ~diagnostic~: 1 --> 0
[debug] [2020-01-28T23:46:59.760Z] [worker-pool] addWorker(~diagnostic~)
[debug] [2020-01-28T23:46:59.761Z] [worker-pool] Adding worker with key ~diagnostic~, total=1
[debug] [2020-01-28T23:46:59.761Z] [worker-pool] submitWork(triggerId=)
[debug] [2020-01-28T23:46:59.761Z] [worker-~diagnostic~-d9cca336-19f5-4d17-95c7-2f0c14356f1d]: Assigning socketPath: /tmp/fire_emu_9499.sock
[debug] [2020-01-28T23:46:59.762Z] [worker-~diagnostic~-d9cca336-19f5-4d17-95c7-2f0c14356f1d]: BUSY
[debug] [2020-01-28T23:47:00.056Z] [runtime-status] [9499] Functions runtime initialized. {"cwd":"/home/ferreirati/projects/showcaseit/functions","node_version":"10.18.0"}
[debug] [2020-01-28T23:47:00.059Z] [runtime-status] [9499] Disabled runtime features: {"functions_config_helper":true,"network_filtering":true,"timeout":true,"memory_limiting":true,"admin_stubs":true,"pubsub_emulator":true}
[debug] [2020-01-28T23:47:00.063Z] [runtime-status] [9499] Resolved module firebase-admin {"declared":true,"installed":true,"version":"8.9.2","resolution":"/home/ferreirati/projects/showcaseit/functions/node_modules/firebase-admin/lib/index.js"}
[debug] [2020-01-28T23:47:00.065Z] [runtime-status] [9499] Resolved module firebase-functions {"declared":true,"installed":true,"version":"3.3.0","resolution":"/home/ferreirati/projects/showcaseit/functions/node_modules/firebase-functions/lib/index.js"}
[debug] [2020-01-28T23:47:00.065Z] [runtime-status] [9499] Resolved module firebase-functions {"declared":true,"installed":true,"version":"3.3.0","resolution":"/home/ferreirati/projects/showcaseit/functions/node_modules/firebase-functions/lib/index.js"}
[warn] ⚠  Error: Cannot find module 'api'
    at Function.Module._resolveFilename (internal/modules/cjs/loader.js:636:15)
    at Function.Module._load (internal/modules/cjs/loader.js:562:25)
    at Module.require (internal/modules/cjs/loader.js:692:17)
    at require (internal/modules/cjs/helpers.js:25:18)
    at Object.<anonymous> (/home/ferreirati/projects/showcaseit/functions/index.js:2:13)
    at Module._compile (internal/modules/cjs/loader.js:778:30)
    at Object.Module._extensions..js (internal/modules/cjs/loader.js:789:10)
    at Module.load (internal/modules/cjs/loader.js:653:32)
    at tryModuleLoad (internal/modules/cjs/loader.js:593:12)
    at Function.Module._load (internal/modules/cjs/loader.js:585:3)
[warn] ⚠  We were unable to load your functions code. (see above)
[debug] [2020-01-28T23:47:00.132Z] [worker-~diagnostic~-d9cca336-19f5-4d17-95c7-2f0c14356f1d]: exited
[debug] [2020-01-28T23:47:00.132Z] [worker-~diagnostic~-d9cca336-19f5-4d17-95c7-2f0c14356f1d]: FINISHED
[debug] [2020-01-28T23:48:03.735Z] File /home/ferreirati/projects/showcaseit/functions/api.js changed, reloading triggers
[debug] [2020-01-28T23:48:04.736Z] [worker-pool] Cleaned up workers for ~diagnostic~: 1 --> 0
[debug] [2020-01-28T23:48:04.744Z] [worker-pool] addWorker(~diagnostic~)
[debug] [2020-01-28T23:48:04.744Z] [worker-pool] Adding worker with key ~diagnostic~, total=1
[debug] [2020-01-28T23:48:04.745Z] [worker-pool] submitWork(triggerId=)
[debug] [2020-01-28T23:48:04.745Z] [worker-~diagnostic~-f5392b7c-825e-48b6-bb86-9d1881476953]: Assigning socketPath: /tmp/fire_emu_9591.sock
[debug] [2020-01-28T23:48:04.745Z] [worker-~diagnostic~-f5392b7c-825e-48b6-bb86-9d1881476953]: BUSY
[debug] [2020-01-28T23:48:05.018Z] [runtime-status] [9591] Functions runtime initialized. {"cwd":"/home/ferreirati/projects/showcaseit/functions","node_version":"10.18.0"}
[debug] [2020-01-28T23:48:05.021Z] [runtime-status] [9591] Disabled runtime features: {"functions_config_helper":true,"network_filtering":true,"timeout":true,"memory_limiting":true,"admin_stubs":true,"pubsub_emulator":true}
[debug] [2020-01-28T23:48:05.024Z] [runtime-status] [9591] Resolved module firebase-admin {"declared":true,"installed":true,"version":"8.9.2","resolution":"/home/ferreirati/projects/showcaseit/functions/node_modules/firebase-admin/lib/index.js"}
[debug] [2020-01-28T23:48:05.026Z] [runtime-status] [9591] Resolved module firebase-functions {"declared":true,"installed":true,"version":"3.3.0","resolution":"/home/ferreirati/projects/showcaseit/functions/node_modules/firebase-functions/lib/index.js"}
[debug] [2020-01-28T23:48:05.026Z] [runtime-status] [9591] Resolved module firebase-functions {"declared":true,"installed":true,"version":"3.3.0","resolution":"/home/ferreirati/projects/showcaseit/functions/node_modules/firebase-functions/lib/index.js"}
[warn] ⚠  Error: Cannot find module 'api'
    at Function.Module._resolveFilename (internal/modules/cjs/loader.js:636:15)
    at Function.Module._load (internal/modules/cjs/loader.js:562:25)
    at Module.require (internal/modules/cjs/loader.js:692:17)
    at require (internal/modules/cjs/helpers.js:25:18)
    at Object.<anonymous> (/home/ferreirati/projects/showcaseit/functions/index.js:2:13)
    at Module._compile (internal/modules/cjs/loader.js:778:30)
    at Object.Module._extensions..js (internal/modules/cjs/loader.js:789:10)
    at Module.load (internal/modules/cjs/loader.js:653:32)
    at tryModuleLoad (internal/modules/cjs/loader.js:593:12)
    at Function.Module._load (internal/modules/cjs/loader.js:585:3)
[warn] ⚠  We were unable to load your functions code. (see above)
[debug] [2020-01-28T23:48:05.105Z] [worker-~diagnostic~-f5392b7c-825e-48b6-bb86-9d1881476953]: exited
[debug] [2020-01-28T23:48:05.105Z] [worker-~diagnostic~-f5392b7c-825e-48b6-bb86-9d1881476953]: FINISHED
[debug] [2020-01-28T23:48:21.972Z] File /home/ferreirati/projects/showcaseit/functions/api.js changed, reloading triggers
[debug] [2020-01-28T23:48:22.973Z] [worker-pool] Cleaned up workers for ~diagnostic~: 1 --> 0
[debug] [2020-01-28T23:48:22.987Z] [worker-pool] addWorker(~diagnostic~)
[debug] [2020-01-28T23:48:22.987Z] [worker-pool] Adding worker with key ~diagnostic~, total=1
[debug] [2020-01-28T23:48:22.987Z] [worker-pool] submitWork(triggerId=)
[debug] [2020-01-28T23:48:22.988Z] [worker-~diagnostic~-d2e693b3-827c-41df-b89e-0ab99092a9c0]: Assigning socketPath: /tmp/fire_emu_9633.sock
[debug] [2020-01-28T23:48:22.988Z] [worker-~diagnostic~-d2e693b3-827c-41df-b89e-0ab99092a9c0]: BUSY
[debug] [2020-01-28T23:48:23.327Z] [runtime-status] [9633] Functions runtime initialized. {"cwd":"/home/ferreirati/projects/showcaseit/functions","node_version":"10.18.0"}
[debug] [2020-01-28T23:48:23.331Z] [runtime-status] [9633] Disabled runtime features: {"functions_config_helper":true,"network_filtering":true,"timeout":true,"memory_limiting":true,"admin_stubs":true,"pubsub_emulator":true}
[debug] [2020-01-28T23:48:23.334Z] [runtime-status] [9633] Resolved module firebase-admin {"declared":true,"installed":true,"version":"8.9.2","resolution":"/home/ferreirati/projects/showcaseit/functions/node_modules/firebase-admin/lib/index.js"}
[debug] [2020-01-28T23:48:23.336Z] [runtime-status] [9633] Resolved module firebase-functions {"declared":true,"installed":true,"version":"3.3.0","resolution":"/home/ferreirati/projects/showcaseit/functions/node_modules/firebase-functions/lib/index.js"}
[debug] [2020-01-28T23:48:23.338Z] [runtime-status] [9633] Resolved module firebase-functions {"declared":true,"installed":true,"version":"3.3.0","resolution":"/home/ferreirati/projects/showcaseit/functions/node_modules/firebase-functions/lib/index.js"}
[warn] ⚠  Error: Cannot find module 'api'
    at Function.Module._resolveFilename (internal/modules/cjs/loader.js:636:15)
    at Function.Module._load (internal/modules/cjs/loader.js:562:25)
    at Module.require (internal/modules/cjs/loader.js:692:17)
    at require (internal/modules/cjs/helpers.js:25:18)
    at Object.<anonymous> (/home/ferreirati/projects/showcaseit/functions/index.js:2:13)
    at Module._compile (internal/modules/cjs/loader.js:778:30)
    at Object.Module._extensions..js (internal/modules/cjs/loader.js:789:10)
    at Module.load (internal/modules/cjs/loader.js:653:32)
    at tryModuleLoad (internal/modules/cjs/loader.js:593:12)
    at Function.Module._load (internal/modules/cjs/loader.js:585:3)
[warn] ⚠  We were unable to load your functions code. (see above)
[debug] [2020-01-28T23:48:23.424Z] [worker-~diagnostic~-d2e693b3-827c-41df-b89e-0ab99092a9c0]: exited
[debug] [2020-01-28T23:48:23.425Z] [worker-~diagnostic~-d2e693b3-827c-41df-b89e-0ab99092a9c0]: FINISHED
[debug] [2020-01-28T23:48:48.911Z] File /home/ferreirati/projects/showcaseit/functions/screenshot.js changed, reloading triggers
[debug] [2020-01-28T23:48:49.912Z] [worker-pool] Cleaned up workers for ~diagnostic~: 1 --> 0
[debug] [2020-01-28T23:48:49.923Z] [worker-pool] addWorker(~diagnostic~)
[debug] [2020-01-28T23:48:49.924Z] [worker-pool] Adding worker with key ~diagnostic~, total=1
[debug] [2020-01-28T23:48:49.924Z] [worker-pool] submitWork(triggerId=)
[debug] [2020-01-28T23:48:49.924Z] [worker-~diagnostic~-528b99b3-24cc-420d-8ca3-d3ba5e6518d1]: Assigning socketPath: /tmp/fire_emu_9672.sock
[debug] [2020-01-28T23:48:49.924Z] [worker-~diagnostic~-528b99b3-24cc-420d-8ca3-d3ba5e6518d1]: BUSY
[debug] [2020-01-28T23:48:50.222Z] [runtime-status] [9672] Functions runtime initialized. {"cwd":"/home/ferreirati/projects/showcaseit/functions","node_version":"10.18.0"}
[debug] [2020-01-28T23:48:50.225Z] [runtime-status] [9672] Disabled runtime features: {"functions_config_helper":true,"network_filtering":true,"timeout":true,"memory_limiting":true,"admin_stubs":true,"pubsub_emulator":true}
[debug] [2020-01-28T23:48:50.227Z] [runtime-status] [9672] Resolved module firebase-admin {"declared":true,"installed":true,"version":"8.9.2","resolution":"/home/ferreirati/projects/showcaseit/functions/node_modules/firebase-admin/lib/index.js"}
[debug] [2020-01-28T23:48:50.229Z] [runtime-status] [9672] Resolved module firebase-functions {"declared":true,"installed":true,"version":"3.3.0","resolution":"/home/ferreirati/projects/showcaseit/functions/node_modules/firebase-functions/lib/index.js"}
[debug] [2020-01-28T23:48:50.230Z] [runtime-status] [9672] Resolved module firebase-functions {"declared":true,"installed":true,"version":"3.3.0","resolution":"/home/ferreirati/projects/showcaseit/functions/node_modules/firebase-functions/lib/index.js"}
[warn] ⚠  Error: Cannot find module 'api'
    at Function.Module._resolveFilename (internal/modules/cjs/loader.js:636:15)
    at Function.Module._load (internal/modules/cjs/loader.js:562:25)
    at Module.require (internal/modules/cjs/loader.js:692:17)
    at require (internal/modules/cjs/helpers.js:25:18)
    at Object.<anonymous> (/home/ferreirati/projects/showcaseit/functions/index.js:2:13)
    at Module._compile (internal/modules/cjs/loader.js:778:30)
    at Object.Module._extensions..js (internal/modules/cjs/loader.js:789:10)
    at Module.load (internal/modules/cjs/loader.js:653:32)
    at tryModuleLoad (internal/modules/cjs/loader.js:593:12)
    at Function.Module._load (internal/modules/cjs/loader.js:585:3)
[warn] ⚠  We were unable to load your functions code. (see above)
[debug] [2020-01-28T23:48:50.288Z] [worker-~diagnostic~-528b99b3-24cc-420d-8ca3-d3ba5e6518d1]: exited
[debug] [2020-01-28T23:48:50.288Z] [worker-~diagnostic~-528b99b3-24cc-420d-8ca3-d3ba5e6518d1]: FINISHED
[debug] [2020-01-28T23:48:53.263Z] File /home/ferreirati/projects/showcaseit/functions/screenshot.js changed, reloading triggers
[debug] [2020-01-28T23:48:54.263Z] [worker-pool] Cleaned up workers for ~diagnostic~: 1 --> 0
[debug] [2020-01-28T23:48:54.278Z] [worker-pool] addWorker(~diagnostic~)
[debug] [2020-01-28T23:48:54.279Z] [worker-pool] Adding worker with key ~diagnostic~, total=1
[debug] [2020-01-28T23:48:54.279Z] [worker-pool] submitWork(triggerId=)
[debug] [2020-01-28T23:48:54.279Z] [worker-~diagnostic~-52ecd488-997a-4a1f-ab2c-24f2772b9688]: Assigning socketPath: /tmp/fire_emu_9688.sock
[debug] [2020-01-28T23:48:54.280Z] [worker-~diagnostic~-52ecd488-997a-4a1f-ab2c-24f2772b9688]: BUSY
[debug] [2020-01-28T23:48:54.594Z] [runtime-status] [9688] Functions runtime initialized. {"cwd":"/home/ferreirati/projects/showcaseit/functions","node_version":"10.18.0"}
[debug] [2020-01-28T23:48:54.598Z] [runtime-status] [9688] Disabled runtime features: {"functions_config_helper":true,"network_filtering":true,"timeout":true,"memory_limiting":true,"admin_stubs":true,"pubsub_emulator":true}
[debug] [2020-01-28T23:48:54.600Z] [runtime-status] [9688] Resolved module firebase-admin {"declared":true,"installed":true,"version":"8.9.2","resolution":"/home/ferreirati/projects/showcaseit/functions/node_modules/firebase-admin/lib/index.js"}
[debug] [2020-01-28T23:48:54.603Z] [runtime-status] [9688] Resolved module firebase-functions {"declared":true,"installed":true,"version":"3.3.0","resolution":"/home/ferreirati/projects/showcaseit/functions/node_modules/firebase-functions/lib/index.js"}
[debug] [2020-01-28T23:48:54.603Z] [runtime-status] [9688] Resolved module firebase-functions {"declared":true,"installed":true,"version":"3.3.0","resolution":"/home/ferreirati/projects/showcaseit/functions/node_modules/firebase-functions/lib/index.js"}
[warn] ⚠  Error: Cannot find module 'api'
    at Function.Module._resolveFilename (internal/modules/cjs/loader.js:636:15)
    at Function.Module._load (internal/modules/cjs/loader.js:562:25)
    at Module.require (internal/modules/cjs/loader.js:692:17)
    at require (internal/modules/cjs/helpers.js:25:18)
    at Object.<anonymous> (/home/ferreirati/projects/showcaseit/functions/index.js:2:13)
    at Module._compile (internal/modules/cjs/loader.js:778:30)
    at Object.Module._extensions..js (internal/modules/cjs/loader.js:789:10)
    at Module.load (internal/modules/cjs/loader.js:653:32)
    at tryModuleLoad (internal/modules/cjs/loader.js:593:12)
    at Function.Module._load (internal/modules/cjs/loader.js:585:3)
[warn] ⚠  We were unable to load your functions code. (see above)
[debug] [2020-01-28T23:48:54.666Z] [worker-~diagnostic~-52ecd488-997a-4a1f-ab2c-24f2772b9688]: exited
[debug] [2020-01-28T23:48:54.666Z] [worker-~diagnostic~-52ecd488-997a-4a1f-ab2c-24f2772b9688]: FINISHED
[debug] [2020-01-28T23:49:26.075Z] File /home/ferreirati/projects/showcaseit/functions/api.js changed, reloading triggers
[debug] [2020-01-28T23:49:27.075Z] [worker-pool] Cleaned up workers for ~diagnostic~: 1 --> 0
[debug] [2020-01-28T23:49:27.090Z] [worker-pool] addWorker(~diagnostic~)
[debug] [2020-01-28T23:49:27.090Z] [worker-pool] Adding worker with key ~diagnostic~, total=1
[debug] [2020-01-28T23:49:27.090Z] [worker-pool] submitWork(triggerId=)
[debug] [2020-01-28T23:49:27.090Z] [worker-~diagnostic~-e79d99db-9cc3-4aa5-990b-ca8544453f6d]: Assigning socketPath: /tmp/fire_emu_9731.sock
[debug] [2020-01-28T23:49:27.091Z] [worker-~diagnostic~-e79d99db-9cc3-4aa5-990b-ca8544453f6d]: BUSY
[debug] [2020-01-28T23:49:27.424Z] [runtime-status] [9731] Functions runtime initialized. {"cwd":"/home/ferreirati/projects/showcaseit/functions","node_version":"10.18.0"}
[debug] [2020-01-28T23:49:27.426Z] [runtime-status] [9731] Disabled runtime features: {"functions_config_helper":true,"network_filtering":true,"timeout":true,"memory_limiting":true,"admin_stubs":true,"pubsub_emulator":true}
[debug] [2020-01-28T23:49:27.429Z] [runtime-status] [9731] Resolved module firebase-admin {"declared":true,"installed":true,"version":"8.9.2","resolution":"/home/ferreirati/projects/showcaseit/functions/node_modules/firebase-admin/lib/index.js"}
[debug] [2020-01-28T23:49:27.430Z] [runtime-status] [9731] Resolved module firebase-functions {"declared":true,"installed":true,"version":"3.3.0","resolution":"/home/ferreirati/projects/showcaseit/functions/node_modules/firebase-functions/lib/index.js"}
[debug] [2020-01-28T23:49:27.431Z] [runtime-status] [9731] Resolved module firebase-functions {"declared":true,"installed":true,"version":"3.3.0","resolution":"/home/ferreirati/projects/showcaseit/functions/node_modules/firebase-functions/lib/index.js"}
[warn] ⚠  Error: Cannot find module 'api'
    at Function.Module._resolveFilename (internal/modules/cjs/loader.js:636:15)
    at Function.Module._load (internal/modules/cjs/loader.js:562:25)
    at Module.require (internal/modules/cjs/loader.js:692:17)
    at require (internal/modules/cjs/helpers.js:25:18)
    at Object.<anonymous> (/home/ferreirati/projects/showcaseit/functions/index.js:2:13)
    at Module._compile (internal/modules/cjs/loader.js:778:30)
    at Object.Module._extensions..js (internal/modules/cjs/loader.js:789:10)
    at Module.load (internal/modules/cjs/loader.js:653:32)
    at tryModuleLoad (internal/modules/cjs/loader.js:593:12)
    at Function.Module._load (internal/modules/cjs/loader.js:585:3)
[warn] ⚠  We were unable to load your functions code. (see above)
[debug] [2020-01-28T23:49:27.508Z] [worker-~diagnostic~-e79d99db-9cc3-4aa5-990b-ca8544453f6d]: exited
[debug] [2020-01-28T23:49:27.508Z] [worker-~diagnostic~-e79d99db-9cc3-4aa5-990b-ca8544453f6d]: FINISHED
[debug] [2020-01-28T23:49:32.069Z] File /home/ferreirati/projects/showcaseit/functions/api.js changed, reloading triggers
[debug] [2020-01-28T23:49:33.070Z] [worker-pool] Cleaned up workers for ~diagnostic~: 1 --> 0
[debug] [2020-01-28T23:49:33.077Z] [worker-pool] addWorker(~diagnostic~)
[debug] [2020-01-28T23:49:33.077Z] [worker-pool] Adding worker with key ~diagnostic~, total=1
[debug] [2020-01-28T23:49:33.077Z] [worker-pool] submitWork(triggerId=)
[debug] [2020-01-28T23:49:33.077Z] [worker-~diagnostic~-79149a6c-cf26-4481-a86c-79eb57219514]: Assigning socketPath: /tmp/fire_emu_9754.sock
[debug] [2020-01-28T23:49:33.077Z] [worker-~diagnostic~-79149a6c-cf26-4481-a86c-79eb57219514]: BUSY
[debug] [2020-01-28T23:49:33.356Z] [runtime-status] [9754] Functions runtime initialized. {"cwd":"/home/ferreirati/projects/showcaseit/functions","node_version":"10.18.0"}
[debug] [2020-01-28T23:49:33.358Z] [runtime-status] [9754] Disabled runtime features: {"functions_config_helper":true,"network_filtering":true,"timeout":true,"memory_limiting":true,"admin_stubs":true,"pubsub_emulator":true}
[debug] [2020-01-28T23:49:33.361Z] [runtime-status] [9754] Resolved module firebase-admin {"declared":true,"installed":true,"version":"8.9.2","resolution":"/home/ferreirati/projects/showcaseit/functions/node_modules/firebase-admin/lib/index.js"}
[debug] [2020-01-28T23:49:33.362Z] [runtime-status] [9754] Resolved module firebase-functions {"declared":true,"installed":true,"version":"3.3.0","resolution":"/home/ferreirati/projects/showcaseit/functions/node_modules/firebase-functions/lib/index.js"}
[debug] [2020-01-28T23:49:33.363Z] [runtime-status] [9754] Resolved module firebase-functions {"declared":true,"installed":true,"version":"3.3.0","resolution":"/home/ferreirati/projects/showcaseit/functions/node_modules/firebase-functions/lib/index.js"}
[warn] ⚠  Error: Cannot find module 'api'
    at Function.Module._resolveFilename (internal/modules/cjs/loader.js:636:15)
    at Function.Module._load (internal/modules/cjs/loader.js:562:25)
    at Module.require (internal/modules/cjs/loader.js:692:17)
    at require (internal/modules/cjs/helpers.js:25:18)
    at Object.<anonymous> (/home/ferreirati/projects/showcaseit/functions/index.js:2:13)
    at Module._compile (internal/modules/cjs/loader.js:778:30)
    at Object.Module._extensions..js (internal/modules/cjs/loader.js:789:10)
    at Module.load (internal/modules/cjs/loader.js:653:32)
    at tryModuleLoad (internal/modules/cjs/loader.js:593:12)
    at Function.Module._load (internal/modules/cjs/loader.js:585:3)
[warn] ⚠  We were unable to load your functions code. (see above)
[debug] [2020-01-28T23:49:33.424Z] [worker-~diagnostic~-79149a6c-cf26-4481-a86c-79eb57219514]: exited
[debug] [2020-01-28T23:49:33.424Z] [worker-~diagnostic~-79149a6c-cf26-4481-a86c-79eb57219514]: FINISHED
[debug] [2020-01-28T23:49:37.117Z] File /home/ferreirati/projects/showcaseit/functions/api.js changed, reloading triggers
[debug] [2020-01-28T23:49:38.118Z] [worker-pool] Cleaned up workers for ~diagnostic~: 1 --> 0
[debug] [2020-01-28T23:49:38.133Z] [worker-pool] addWorker(~diagnostic~)
[debug] [2020-01-28T23:49:38.133Z] [worker-pool] Adding worker with key ~diagnostic~, total=1
[debug] [2020-01-28T23:49:38.133Z] [worker-pool] submitWork(triggerId=)
[debug] [2020-01-28T23:49:38.133Z] [worker-~diagnostic~-6781e7a4-5b79-4ee6-b2e8-c16564928149]: Assigning socketPath: /tmp/fire_emu_9770.sock
[debug] [2020-01-28T23:49:38.134Z] [worker-~diagnostic~-6781e7a4-5b79-4ee6-b2e8-c16564928149]: BUSY
[debug] [2020-01-28T23:49:38.431Z] [runtime-status] [9770] Functions runtime initialized. {"cwd":"/home/ferreirati/projects/showcaseit/functions","node_version":"10.18.0"}
[debug] [2020-01-28T23:49:38.433Z] [runtime-status] [9770] Disabled runtime features: {"functions_config_helper":true,"network_filtering":true,"timeout":true,"memory_limiting":true,"admin_stubs":true,"pubsub_emulator":true}
[debug] [2020-01-28T23:49:38.436Z] [runtime-status] [9770] Resolved module firebase-admin {"declared":true,"installed":true,"version":"8.9.2","resolution":"/home/ferreirati/projects/showcaseit/functions/node_modules/firebase-admin/lib/index.js"}
[debug] [2020-01-28T23:49:38.438Z] [runtime-status] [9770] Resolved module firebase-functions {"declared":true,"installed":true,"version":"3.3.0","resolution":"/home/ferreirati/projects/showcaseit/functions/node_modules/firebase-functions/lib/index.js"}
[debug] [2020-01-28T23:49:38.438Z] [runtime-status] [9770] Resolved module firebase-functions {"declared":true,"installed":true,"version":"3.3.0","resolution":"/home/ferreirati/projects/showcaseit/functions/node_modules/firebase-functions/lib/index.js"}
[warn] ⚠  Error: Cannot find module 'api'
    at Function.Module._resolveFilename (internal/modules/cjs/loader.js:636:15)
    at Function.Module._load (internal/modules/cjs/loader.js:562:25)
    at Module.require (internal/modules/cjs/loader.js:692:17)
    at require (internal/modules/cjs/helpers.js:25:18)
    at Object.<anonymous> (/home/ferreirati/projects/showcaseit/functions/index.js:2:13)
    at Module._compile (internal/modules/cjs/loader.js:778:30)
    at Object.Module._extensions..js (internal/modules/cjs/loader.js:789:10)
    at Module.load (internal/modules/cjs/loader.js:653:32)
    at tryModuleLoad (internal/modules/cjs/loader.js:593:12)
    at Function.Module._load (internal/modules/cjs/loader.js:585:3)
[warn] ⚠  We were unable to load your functions code. (see above)
[debug] [2020-01-28T23:49:38.503Z] [worker-~diagnostic~-6781e7a4-5b79-4ee6-b2e8-c16564928149]: exited
[debug] [2020-01-28T23:49:38.503Z] [worker-~diagnostic~-6781e7a4-5b79-4ee6-b2e8-c16564928149]: FINISHED
[debug] [2020-01-28T23:49:42.699Z] File /home/ferreirati/projects/showcaseit/functions/api.js changed, reloading triggers
[debug] [2020-01-28T23:49:43.699Z] [worker-pool] Cleaned up workers for ~diagnostic~: 1 --> 0
[debug] [2020-01-28T23:49:43.710Z] [worker-pool] addWorker(~diagnostic~)
[debug] [2020-01-28T23:49:43.710Z] [worker-pool] Adding worker with key ~diagnostic~, total=1
[debug] [2020-01-28T23:49:43.710Z] [worker-pool] submitWork(triggerId=)
[debug] [2020-01-28T23:49:43.710Z] [worker-~diagnostic~-6baf643b-e3c7-4fb1-9779-bb7b51bf523c]: Assigning socketPath: /tmp/fire_emu_9787.sock
[debug] [2020-01-28T23:49:43.710Z] [worker-~diagnostic~-6baf643b-e3c7-4fb1-9779-bb7b51bf523c]: BUSY
[debug] [2020-01-28T23:49:43.995Z] [runtime-status] [9787] Functions runtime initialized. {"cwd":"/home/ferreirati/projects/showcaseit/functions","node_version":"10.18.0"}
[debug] [2020-01-28T23:49:43.999Z] [runtime-status] [9787] Disabled runtime features: {"functions_config_helper":true,"network_filtering":true,"timeout":true,"memory_limiting":true,"admin_stubs":true,"pubsub_emulator":true}
[debug] [2020-01-28T23:49:44.004Z] [runtime-status] [9787] Resolved module firebase-admin {"declared":true,"installed":true,"version":"8.9.2","resolution":"/home/ferreirati/projects/showcaseit/functions/node_modules/firebase-admin/lib/index.js"}
[debug] [2020-01-28T23:49:44.004Z] [runtime-status] [9787] Resolved module firebase-functions {"declared":true,"installed":true,"version":"3.3.0","resolution":"/home/ferreirati/projects/showcaseit/functions/node_modules/firebase-functions/lib/index.js"}
[debug] [2020-01-28T23:49:44.004Z] [runtime-status] [9787] Resolved module firebase-functions {"declared":true,"installed":true,"version":"3.3.0","resolution":"/home/ferreirati/projects/showcaseit/functions/node_modules/firebase-functions/lib/index.js"}
[warn] ⚠  Error: Cannot find module 'api'
    at Function.Module._resolveFilename (internal/modules/cjs/loader.js:636:15)
    at Function.Module._load (internal/modules/cjs/loader.js:562:25)
    at Module.require (internal/modules/cjs/loader.js:692:17)
    at require (internal/modules/cjs/helpers.js:25:18)
    at Object.<anonymous> (/home/ferreirati/projects/showcaseit/functions/index.js:2:13)
    at Module._compile (internal/modules/cjs/loader.js:778:30)
    at Object.Module._extensions..js (internal/modules/cjs/loader.js:789:10)
    at Module.load (internal/modules/cjs/loader.js:653:32)
    at tryModuleLoad (internal/modules/cjs/loader.js:593:12)
    at Function.Module._load (internal/modules/cjs/loader.js:585:3)
[warn] ⚠  We were unable to load your functions code. (see above)
[debug] [2020-01-28T23:49:44.074Z] [worker-~diagnostic~-6baf643b-e3c7-4fb1-9779-bb7b51bf523c]: exited
[debug] [2020-01-28T23:49:44.075Z] [worker-~diagnostic~-6baf643b-e3c7-4fb1-9779-bb7b51bf523c]: FINISHED
[debug] [2020-01-28T23:49:47.492Z] ----------------------------------------------------------------------
[debug] [2020-01-28T23:49:47.494Z] Command:       /home/ferreirati/.nvm/versions/node/v10.18.0/bin/node /home/ferreirati/.nvm/versions/node/v10.18.0/bin/firebase serve --only functions
[debug] [2020-01-28T23:49:47.494Z] CLI Version:   7.12.1
[debug] [2020-01-28T23:49:47.494Z] Platform:      linux
[debug] [2020-01-28T23:49:47.494Z] Node Version:  v10.18.0
[debug] [2020-01-28T23:49:47.494Z] Time:          Tue Jan 28 2020 21:49:47 GMT-0200 (Brasilia Summer Time)
[debug] [2020-01-28T23:49:47.494Z] ----------------------------------------------------------------------
[debug] [2020-01-28T23:49:47.494Z] 
[debug] [2020-01-28T23:49:47.501Z] > command requires scopes: ["email","openid","https://www.googleapis.com/auth/cloudplatformprojects.readonly","https://www.googleapis.com/auth/firebase","https://www.googleapis.com/auth/cloud-platform"]
[debug] [2020-01-28T23:49:47.502Z] > authorizing via signed-in user
[debug] [2020-01-28T23:49:47.502Z] [iam] checking project showcaseit for permissions ["firebase.projects.get"]
[debug] [2020-01-28T23:49:47.503Z] >>> HTTP REQUEST POST https://cloudresourcemanager.googleapis.com/v1/projects/showcaseit:testIamPermissions  

[debug] [2020-01-28T23:49:49.892Z] <<< HTTP RESPONSE 200
[debug] [2020-01-28T23:49:49.894Z] >>> HTTP REQUEST GET https://firebase.googleapis.com/v1beta1/projects/showcaseit  
 
[debug] [2020-01-28T23:49:51.495Z] <<< HTTP RESPONSE 200
[info] ✔  functions: Using node@10 from host.
[info] ✔  functions: Emulator started at http://localhost:5000
[info] i  functions: Watching "/home/ferreirati/projects/showcaseit/functions" for Cloud Functions...
[debug] [2020-01-28T23:49:51.833Z] [worker-pool] addWorker(~diagnostic~)
[debug] [2020-01-28T23:49:51.834Z] [worker-pool] Adding worker with key ~diagnostic~, total=1
[debug] [2020-01-28T23:49:51.834Z] [worker-pool] submitWork(triggerId=)
[debug] [2020-01-28T23:49:51.836Z] [worker-~diagnostic~-2cf9bfb3-a48e-46e7-bf9e-cafcffc23317]: Assigning socketPath: /tmp/fire_emu_9844.sock
[debug] [2020-01-28T23:49:51.836Z] [worker-~diagnostic~-2cf9bfb3-a48e-46e7-bf9e-cafcffc23317]: BUSY
[debug] [2020-01-28T23:49:52.126Z] [runtime-status] [9844] Functions runtime initialized. {"cwd":"/home/ferreirati/projects/showcaseit/functions","node_version":"10.18.0"}
[debug] [2020-01-28T23:49:52.128Z] [runtime-status] [9844] Disabled runtime features: {"functions_config_helper":true,"network_filtering":true,"timeout":true,"memory_limiting":true,"admin_stubs":true,"pubsub_emulator":true}
[debug] [2020-01-28T23:49:52.130Z] [runtime-status] [9844] Resolved module firebase-admin {"declared":true,"installed":true,"version":"8.9.2","resolution":"/home/ferreirati/projects/showcaseit/functions/node_modules/firebase-admin/lib/index.js"}
[debug] [2020-01-28T23:49:52.131Z] [runtime-status] [9844] Resolved module firebase-functions {"declared":true,"installed":true,"version":"3.3.0","resolution":"/home/ferreirati/projects/showcaseit/functions/node_modules/firebase-functions/lib/index.js"}
[debug] [2020-01-28T23:49:52.132Z] [runtime-status] [9844] Resolved module firebase-functions {"declared":true,"installed":true,"version":"3.3.0","resolution":"/home/ferreirati/projects/showcaseit/functions/node_modules/firebase-functions/lib/index.js"}
[warn] ⚠  Error: Cannot find module 'api'
    at Function.Module._resolveFilename (internal/modules/cjs/loader.js:636:15)
    at Function.Module._load (internal/modules/cjs/loader.js:562:25)
    at Module.require (internal/modules/cjs/loader.js:692:17)
    at require (internal/modules/cjs/helpers.js:25:18)
    at Object.<anonymous> (/home/ferreirati/projects/showcaseit/functions/index.js:2:13)
    at Module._compile (internal/modules/cjs/loader.js:778:30)
    at Object.Module._extensions..js (internal/modules/cjs/loader.js:789:10)
    at Module.load (internal/modules/cjs/loader.js:653:32)
    at tryModuleLoad (internal/modules/cjs/loader.js:593:12)
    at Function.Module._load (internal/modules/cjs/loader.js:585:3)
[warn] ⚠  We were unable to load your functions code. (see above)
[debug] [2020-01-28T23:49:52.192Z] [worker-~diagnostic~-2cf9bfb3-a48e-46e7-bf9e-cafcffc23317]: exited
[debug] [2020-01-28T23:49:52.192Z] [worker-~diagnostic~-2cf9bfb3-a48e-46e7-bf9e-cafcffc23317]: FINISHED
[debug] [2020-01-28T23:50:22.686Z] File /home/ferreirati/projects/showcaseit/functions/index.js changed, reloading triggers
[debug] [2020-01-28T23:50:23.687Z] [worker-pool] Cleaned up workers for ~diagnostic~: 1 --> 0
[debug] [2020-01-28T23:50:23.695Z] [worker-pool] addWorker(~diagnostic~)
[debug] [2020-01-28T23:50:23.695Z] [worker-pool] Adding worker with key ~diagnostic~, total=1
[debug] [2020-01-28T23:50:23.695Z] [worker-pool] submitWork(triggerId=)
[debug] [2020-01-28T23:50:23.696Z] [worker-~diagnostic~-6e2c5095-00db-491b-ab04-2b9ae8fc287e]: Assigning socketPath: /tmp/fire_emu_9890.sock
[debug] [2020-01-28T23:50:23.696Z] [worker-~diagnostic~-6e2c5095-00db-491b-ab04-2b9ae8fc287e]: BUSY
[debug] [2020-01-28T23:50:23.969Z] [runtime-status] [9890] Functions runtime initialized. {"cwd":"/home/ferreirati/projects/showcaseit/functions","node_version":"10.18.0"}
[debug] [2020-01-28T23:50:23.972Z] [runtime-status] [9890] Disabled runtime features: {"functions_config_helper":true,"network_filtering":true,"timeout":true,"memory_limiting":true,"admin_stubs":true,"pubsub_emulator":true}
[debug] [2020-01-28T23:50:23.974Z] [runtime-status] [9890] Resolved module firebase-admin {"declared":true,"installed":true,"version":"8.9.2","resolution":"/home/ferreirati/projects/showcaseit/functions/node_modules/firebase-admin/lib/index.js"}
[debug] [2020-01-28T23:50:23.978Z] [runtime-status] [9890] Resolved module firebase-functions {"declared":true,"installed":true,"version":"3.3.0","resolution":"/home/ferreirati/projects/showcaseit/functions/node_modules/firebase-functions/lib/index.js"}
[debug] [2020-01-28T23:50:23.978Z] [runtime-status] [9890] Resolved module firebase-functions {"declared":true,"installed":true,"version":"3.3.0","resolution":"/home/ferreirati/projects/showcaseit/functions/node_modules/firebase-functions/lib/index.js"}
[warn] ⚠  Error: Cannot find module 'screenshot'
    at Function.Module._resolveFilename (internal/modules/cjs/loader.js:636:15)
    at Function.Module._load (internal/modules/cjs/loader.js:562:25)
    at Module.require (internal/modules/cjs/loader.js:692:17)
    at require (internal/modules/cjs/helpers.js:25:18)
    at Object.<anonymous> (/home/ferreirati/projects/showcaseit/functions/api.js:2:20)
    at Module._compile (internal/modules/cjs/loader.js:778:30)
    at Object.Module._extensions..js (internal/modules/cjs/loader.js:789:10)
    at Module.load (internal/modules/cjs/loader.js:653:32)
    at tryModuleLoad (internal/modules/cjs/loader.js:593:12)
    at Function.Module._load (internal/modules/cjs/loader.js:585:3)
[warn] ⚠  We were unable to load your functions code. (see above)
[debug] [2020-01-28T23:50:24.114Z] [worker-~diagnostic~-6e2c5095-00db-491b-ab04-2b9ae8fc287e]: exited
[debug] [2020-01-28T23:50:24.114Z] [worker-~diagnostic~-6e2c5095-00db-491b-ab04-2b9ae8fc287e]: FINISHED
[debug] [2020-01-28T23:50:33.383Z] File /home/ferreirati/projects/showcaseit/functions/api.js changed, reloading triggers
[debug] [2020-01-28T23:50:34.383Z] [worker-pool] Cleaned up workers for ~diagnostic~: 1 --> 0
[debug] [2020-01-28T23:50:34.389Z] [worker-pool] addWorker(~diagnostic~)
[debug] [2020-01-28T23:50:34.389Z] [worker-pool] Adding worker with key ~diagnostic~, total=1
[debug] [2020-01-28T23:50:34.389Z] [worker-pool] submitWork(triggerId=)
[debug] [2020-01-28T23:50:34.390Z] [worker-~diagnostic~-7c5b1e2b-e0e3-4e29-a22b-c453e704c288]: Assigning socketPath: /tmp/fire_emu_9910.sock
[debug] [2020-01-28T23:50:34.390Z] [worker-~diagnostic~-7c5b1e2b-e0e3-4e29-a22b-c453e704c288]: BUSY
[debug] [2020-01-28T23:50:34.674Z] [runtime-status] [9910] Functions runtime initialized. {"cwd":"/home/ferreirati/projects/showcaseit/functions","node_version":"10.18.0"}
[debug] [2020-01-28T23:50:34.677Z] [runtime-status] [9910] Disabled runtime features: {"functions_config_helper":true,"network_filtering":true,"timeout":true,"memory_limiting":true,"admin_stubs":true,"pubsub_emulator":true}
[debug] [2020-01-28T23:50:34.679Z] [runtime-status] [9910] Resolved module firebase-admin {"declared":true,"installed":true,"version":"8.9.2","resolution":"/home/ferreirati/projects/showcaseit/functions/node_modules/firebase-admin/lib/index.js"}
[debug] [2020-01-28T23:50:34.680Z] [runtime-status] [9910] Resolved module firebase-functions {"declared":true,"installed":true,"version":"3.3.0","resolution":"/home/ferreirati/projects/showcaseit/functions/node_modules/firebase-functions/lib/index.js"}
[debug] [2020-01-28T23:50:34.682Z] [runtime-status] [9910] Resolved module firebase-functions {"declared":true,"installed":true,"version":"3.3.0","resolution":"/home/ferreirati/projects/showcaseit/functions/node_modules/firebase-functions/lib/index.js"}
[warn] ⚠  Error: Cannot find module 'puppeteer'
    at Function.Module._resolveFilename (internal/modules/cjs/loader.js:636:15)
    at Function.Module._load (internal/modules/cjs/loader.js:562:25)
    at Module.require (internal/modules/cjs/loader.js:692:17)
    at require (internal/modules/cjs/helpers.js:25:18)
    at Object.<anonymous> (/home/ferreirati/projects/showcaseit/functions/screenshot.js:1:19)
    at Module._compile (internal/modules/cjs/loader.js:778:30)
    at Object.Module._extensions..js (internal/modules/cjs/loader.js:789:10)
    at Module.load (internal/modules/cjs/loader.js:653:32)
    at tryModuleLoad (internal/modules/cjs/loader.js:593:12)
    at Function.Module._load (internal/modules/cjs/loader.js:585:3)
[warn] ⚠  We were unable to load your functions code. (see above)
[debug] [2020-01-28T23:50:34.804Z] [worker-~diagnostic~-7c5b1e2b-e0e3-4e29-a22b-c453e704c288]: exited
[debug] [2020-01-28T23:50:34.804Z] [worker-~diagnostic~-7c5b1e2b-e0e3-4e29-a22b-c453e704c288]: FINISHED
